18
f0
9f
e5
18
f0
9f
e5
18
f0
9f
e5
18
f0
9f
e5
18
f0
9f
e5
18
f0
9f
e5
18
f0
9f
e5
18
f0
9f
e5
9d
64
9c
00
00
00
40
00
00
00
44
00
00
00
48
00
00
00
4c
00
00
00
70
00
00
00
50
00
00
00
6c
00
00
00
4e
bc
e8
00
00
ea
87
00
00
ea
88
00
00
ea
89
00
00
ea
03
00
2d
e9
01
05
a0
e3
00
10
90
e5
01
00
51
e3
8a
8b
03
00
bd
e8
eb
00
00
0a
ac
6c
00
ea
a3
6c
00
ea
82
00
00
ea
48
00
40
00
54
17
00
00
2c
37
40
00
fd
7f
00
01
00
00
1c
3c
40
00
f0
01
00
00
2c
39
40
00
f0
02
00
00
0c
3e
40
00
f0
01
00
00
df
00
a0
e3
25
3b
00
f0
21
e1
30
00
1f
e5
30
10
1f
e5
00
30
81
e0
00
40
a0
e1
03
d0
a0
e1
84
21
9f
e5
03
00
54
e1
dc
ea
04
20
84
34
fc
ff
ff
3a
d7
00
a0
e3
00
f0
21
e1
5c
00
1f
e5
5c
10
1f
e5
00
30
81
e0
00
40
a0
e1
63
f2
03
d0
a0
e1
58
21
9f
e5
03
00
54
e1
04
20
84
34
fc
ff
ff
3a
db
00
a0
e3
00
f0
21
e1
88
00
1f
e5
f6
17
88
10
1f
e5
00
30
81
e0
00
40
a0
e1
03
d0
a0
e1
2c
21
9f
e5
03
00
54
e1
04
20
84
34
fc
ff
ff
3a
cc
bb
d2
00
a0
e3
00
f0
21
e1
ac
00
1f
e5
ac
10
1f
e5
00
30
81
e0
00
40
a0
e1
03
d0
a0
e1
04
21
9f
e5
f6
08
03
00
54
e1
04
20
84
34
fc
ff
ff
3a
d1
00
a0
e3
00
f0
21
e1
c8
00
1f
e5
c8
10
1f
e5
00
30
81
e0
84
b5
00
40
a0
e1
03
d0
a0
e1
dc
20
9f
e5
03
00
54
e1
04
20
84
34
fc
ff
ff
3a
00
80
a0
e3
00
90
a0
e3
1c
16
00
a0
a0
e3
00
b0
a0
e3
00
c0
a0
e3
d3
00
a0
e3
00
f0
21
e1
10
01
1f
e5
10
11
1f
e5
00
30
81
e0
c7
b0
00
40
a0
e1
03
d0
a0
e1
a0
20
9f
e5
03
00
54
e1
04
20
84
34
fc
ff
ff
3a
0e
00
00
eb
17
00
00
eb
8e
f1
00
00
a0
e3
00
10
a0
e3
00
20
a0
e3
00
30
a0
e3
00
40
a0
e3
00
50
a0
e3
00
60
a0
e3
00
70
a0
e3
b4
d2
00
80
a0
e3
00
90
a0
e3
00
a0
a0
e3
00
b0
a0
e3
00
c0
a0
e3
23
00
00
ea
54
00
9f
e5
54
10
9f
e5
a3
d2
54
20
9f
e5
01
30
a0
e1
02
30
83
e0
03
00
51
e1
04
40
90
34
04
40
81
34
fb
ff
ff
3a
1e
ff
2f
e1
52
8a
38
00
9f
e5
38
10
9f
e5
00
30
81
e0
00
40
a0
e1
00
20
a0
e3
03
00
54
e1
04
20
84
34
fc
ff
ff
3a
67
e7
1e
ff
2f
e1
aa
aa
aa
aa
cc
cc
cc
cc
dd
dd
dd
dd
bb
bb
bb
bb
34
17
00
00
20
00
40
00
28
00
00
00
7f
89
48
00
40
00
54
17
00
00
04
f0
1f
e5
f9
03
00
00
04
f0
1f
e5
01
04
00
00
04
f0
1f
e5
09
04
00
00
35
44
04
f0
1f
e5
11
04
00
00
69
c0
8f
e2
1c
ff
2f
e1
12
01
12
18
00
e0
02
c0
90
42
fc
d3
70
47
70
b5
5d
e0
47
4a
d1
68
ff
23
1b
04
99
43
d1
60
d1
68
15
23
1b
04
19
43
d1
60
43
4b
51
04
8b
63
ff
24
00
25
a9
c7
fc
34
02
26
40
23
02
28
0b
d0
01
28
d0
69
0d
d0
b0
43
d0
61
4d
60
a0
1e
08
60
48
6b
98
43
48
63
f4
cb
70
bd
d0
69
b0
43
d0
61
4d
60
03
e0
b0
43
d0
61
04
20
48
60
0c
60
f0
e7
f8
b5
01
22
32
4e
11
00
74
61
90
05
ff
f7
c5
ff
00
20
ff
f7
c9
ff
00
f0
d6
fb
e1
20
40
02
00
f0
ef
f8
2a
49
2c
4b
10
22
93
31
ca
3d
00
20
00
f0
68
fc
29
48
29
4c
81
7b
c0
7b
24
4d
00
02
01
43
20
20
a1
80
28
60
03
20
68
60
01
f0
2a
59
d2
e9
24
4f
39
88
21
80
60
88
88
42
05
d2
09
1a
21
4a
09
04
09
0c
10
18
0c
e0
88
42
0f
d9
01
21
e1
aa
49
02
09
1a
1c
4a
09
04
09
0c
10
18
00
f0
29
fa
21
88
19
48
00
f0
25
fa
20
88
60
80
e2
e7
17
48
47
c3
00
78
00
28
de
d1
a0
88
15
49
88
42
da
d0
a0
68
41
1c
a1
60
13
49
88
42
d4
dd
00
27
a7
60
01
f0
f6
d3
98
e9
2f
60
6f
60
01
22
00
21
90
05
ff
f7
70
ff
00
f0
c4
f8
01
f0
2e
f8
01
28
00
d1
b0
47
f8
bd
9d
42
40
00
80
00
71
07
00
00
20
20
00
00
48
00
40
00
20
00
40
00
38
00
40
00
58
01
40
00
2c
00
40
00
7d
01
ff
ff
00
00
50
c3
00
00
01
c0
8f
e2
1c
ff
2f
e1
10
20
00
f0
58
fc
fe
e7
10
20
00
f0
54
fc
fe
e7
01
83
10
20
00
f0
50
fc
fe
e7
10
20
00
f0
4c
fc
fe
e7
10
20
00
f0
48
fc
fe
e7
3f
50
2d
e9
02
55
a0
e3
3e
56
48
40
95
e5
20
00
14
e3
a6
04
00
1b
48
40
85
e5
3f
50
bd
e8
04
f0
5e
e2
00
20
70
47
00
20
70
47
e9
52
01
00
10
b5
fd
4a
00
20
07
e0
94
68
e4
02
04
d5
d3
60
40
1c
00
06
00
0e
49
1c
0b
78
00
2b
f4
d1
7e
25
10
bd
f6
4a
05
e0
93
68
db
02
fc
d5
03
78
d3
60
40
1c
49
1e
f7
d2
70
47
f0
48
80
68
80
03
c0
0f
5f
f8
70
47
00
b5
01
00
ff
f7
f7
ff
00
28
fb
d0
eb
48
c1
60
00
bd
70
47
f7
b5
06
00
a4
b0
28
22
e8
a1
e3
7a
19
a8
01
f0
df
f8
64
21
68
46
01
f0
f5
f8
26
99
25
9d
30
00
00
24
89
1e
23
29
02
d2
01
00
6e
46
92
3d
09
d5
28
00
27
b0
f0
bd
26
99
01
f0
b7
f8
79
5c
31
55
64
1c
00
e0
19
af
00
28
f5
dc
64
1e
05
d4
85
12
30
5d
64
1e
28
70
6d
1c
00
2c
f9
da
00
20
28
70
25
98
e7
e7
70
47
01
20
c0
05
c1
68
49
08
49
00
a4
2d
c1
60
d9
49
cd
48
01
60
d8
49
41
60
c2
21
01
61
00
21
81
61
d6
49
c1
61
d6
48
01
68
d6
4a
11
40
64
ce
01
60
02
68
03
21
09
04
0a
43
02
60
02
68
0b
12
1a
43
02
60
42
68
8a
43
42
60
70
47
01
20
c1
05
8b
07
c8
60
cc
48
01
68
cc
4a
11
40
01
60
01
68
03
22
11
43
01
60
70
47
f0
b5
b8
48
42
69
42
21
0a
42
36
06
c6
49
12
d0
01
26
c6
4d
76
02
00
27
83
68
9b
02
0b
d5
c3
68
1c
0a
8b
89
ec
54
5b
1c
1b
04
1b
0c
09
d1
b3
42
8b
81
f2
d1
8f
81
f0
e7
42
61
f0
bd
70
b5
bc
4c
a5
44
0c
00
02
2a
23
d3
04
25
69
46
0d
70
2f
ed
0e
25
4d
70
ff
25
8d
70
01
25
cd
70
e0
25
0d
71
fc
25
4d
71
f4
25
8d
71
15
0a
ca
71
0d
72
48
72
0c
94
8c
72
00
21
94
1e
68
46
05
e0
5d
5c
46
18
49
1c
09
04
09
0c
f5
72
a1
42
f7
db
11
00
09
31
ff
f7
1d
a0
40
ff
a2
4c
67
34
a5
44
70
bd
7f
b5
04
29
1c
d3
04
24
6b
46
1c
70
0e
24
5c
70
01
24
99
70
dc
70
ad
93
e0
24
1c
71
fc
24
5c
71
98
71
00
20
0b
1f
6c
46
05
e0
15
5c
26
18
40
1c
00
06
00
0e
f5
71
98
42
2f
3e
f7
db
20
00
c9
1c
ff
f7
1c
ff
7f
bd
0c
b5
00
21
0b
e0
01
91
00
91
00
9a
52
1c
0c
2a
00
92
fa
d3
b5
cf
01
9a
52
1c
64
2a
01
92
f4
d3
40
1e
f1
d2
0c
bd
10
b5
8d
4b
07
e0
0c
78
44
40
24
06
a4
0d
1c
59
b0
be
00
0a
60
40
49
1c
52
1e
f5
d2
10
bd
30
b5
87
4b
85
4c
00
21
08
00
00
22
c5
07
02
d0
40
08
58
40
41
e1
00
e0
40
08
52
1c
08
2a
f6
db
8a
00
49
1c
ff
29
a0
50
ef
dd
00
20
30
bd
f0
b5
04
00
00
78
00
26
02
80
76
4f
f6
43
01
25
0f
28
c5
b0
61
d0
0a
dc
00
28
14
d0
0e
28
1c
d1
60
78
a5
28
19
d1
10
20
00
f0
8a
be
f2
fa
fe
e7
10
28
15
d0
aa
28
11
d1
3d
70
60
78
69
46
6a
46
08
70
05
21
aa
20
46
e0
00
20
69
46
10
6d
3d
70
08
70
05
21
01
20
6a
46
ff
f7
7e
ff
bd
70
45
b0
f0
bd
a0
78
65
78
21
79
00
02
05
43
e0
78
41
92
09
06
67
79
00
04
08
43
05
43
a0
79
21
7a
00
02
07
43
e0
79
09
06
00
04
08
43
07
43
ff
f7
a6
ff
a6
c8
78
1b
00
24
40
1c
07
0a
12
e0
ff
22
a9
08
01
32
00
20
04
ab
00
f0
5f
fa
ff
22
01
32
30
00
04
a9
4e
7a
ff
f7
86
ff
64
1c
24
04
06
00
24
0c
ff
35
01
35
a7
42
ea
d8
68
46
31
0a
06
70
41
70
31
0c
81
70
ee
d6
31
0e
c1
70
08
21
10
20
6a
46
ff
f7
3e
ff
bf
e7
a0
78
61
78
22
79
00
02
01
43
e0
78
12
06
00
04
7a
c8
10
43
01
43
42
48
00
f0
43
ff
2c
49
00
02
e5
38
08
60
60
79
40
00
ff
f7
49
ff
61
78
68
46
6a
46
dd
0d
01
70
a1
78
41
70
e1
78
81
70
21
79
c1
70
61
79
01
71
09
21
0f
20
ff
f7
18
ff
02
20
ff
f7
6f
fd
2d
a4
96
e7
f8
b5
0d
00
2d
4e
04
00
6e
e0
70
78
03
00
00
f0
90
ef
09
06
0a
11
16
23
62
6e
73
80
67
00
1c
17
20
78
01
28
5c
d0
5c
e0
20
78
e0
28
01
d1
02
20
56
e0
00
20
54
e0
20
78
fc
28
fa
d1
03
20
4f
e0
a0
08
20
78
ff
28
30
81
06
d0
00
28
f2
d0
04
20
70
70
00
20
b0
80
45
e0
05
20
42
e0
20
78
b2
88
1d
49
e8
e3
88
54
52
1c
11
04
09
0c
b1
80
30
89
81
42
38
d1
01
06
18
48
09
0e
ff
f7
2f
ff
da
e7
00
63
80
00
40
d8
30
31
32
33
34
35
36
37
38
39
61
62
63
64
65
66
67
68
69
6a
6b
6c
6d
6e
6f
70
71
72
73
74
75
76
52
78
77
78
79
7a
00
00
00
00
1b
89
00
00
01
10
00
00
01
00
70
00
00
65
80
00
fc
ff
fc
ff
2c
00
40
00
ae
57
58
01
40
00
98
ef
ff
ff
70
13
40
00
20
83
b8
ed
00
24
f4
00
58
03
40
00
20
78
f4
28
a9
d1
06
20
31
a4
70
70
6d
1e
2d
04
2d
0c
64
1c
00
2d
8e
d1
f8
bd
07
20
70
70
20
78
70
81
f3
e7
20
78
71
89
00
02
8d
72
40
18
00
04
00
0c
70
81
00
d0
08
20
70
70
00
20
b0
80
e4
e0
21
78
b0
88
74
4b
19
54
40
1c
00
04
79
20
00
0c
b0
80
19
78
09
29
06
d0
0f
29
35
d0
06
29
69
d0
07
29
7e
d0
d4
e0
71
89
88
42
fb
d1
9a
78
3e
1d
58
78
1f
00
12
02
10
43
da
78
1b
79
12
04
1b
06
1a
43
10
43
66
4a
70
61
90
42
06
d2
49
1f
79
71
8c
c8
7b
1c
07
22
06
21
09
20
14
e0
81
08
61
4b
10
22
00
20
00
f0
60
f9
5f
49
00
20
3b
00
0a
5c
1f
18
e8
b7
40
1c
00
06
00
0e
10
28
7a
71
f7
d3
00
21
5a
4a
09
20
4e
e0
ff
f7
1b
fe
4b
e7
71
89
88
42
7d
d1
c6
b9
d9
78
98
78
5a
79
09
02
08
43
19
79
12
06
09
04
11
43
08
43
01
21
09
03
88
42
03
da
07
22
06
21
32
39
0f
20
36
e0
b1
78
01
29
01
d1
00
21
b1
70
59
78
1f
00
20
29
02
d0
d8
29
07
d0
0f
e0
c1
17
89
0f
18
ba
08
18
81
10
01
22
92
02
05
e0
c1
17
89
0f
08
18
81
10
01
22
52
03
00
20
00
f0
d6
f8
7b
1c
07
22
9d
c3
00
21
0f
20
c6
e7
72
89
90
42
6a
d1
99
78
58
78
1f
79
09
02
08
43
d9
78
3f
06
09
04
39
43
08
43
aa
a7
33
49
30
61
88
42
08
d2
52
1f
5a
71
07
22
06
21
08
00
00
e0
10
e0
5b
1c
ac
e7
81
08
1f
00
5b
1d
cc
cd
00
20
52
1f
00
f0
c0
f8
b0
7a
07
22
00
21
40
1f
7b
1c
78
71
06
20
9d
e7
f1
88
8c
46
09
02
ca
1d
7b
e7
fe
32
82
42
00
d9
3c
e7
20
4b
9f
78
5a
78
3f
02
3a
43
df
78
1b
79
3f
04
1b
06
1f
43
3a
43
01
23
d2
99
1b
03
9a
42
32
61
11
d2
61
46
49
1c
f1
80
71
89
88
42
e8
d1
15
4b
f0
20
58
70
00
e0
21
e0
1f
20
b9
7b
06
22
98
70
11
00
07
20
5b
1c
14
e0
0f
4f
88
18
cb
19
81
08
ff
22
01
32
00
20
5b
1d
00
f0
84
f8
6e
0e
f0
88
40
1c
f0
80
b0
88
71
89
88
42
cb
d1
7b
1c
06
22
00
21
07
20
ff
f7
7a
fd
00
20
70
70
f0
80
4b
56
ff
e6
71
89
88
42
00
d1
a3
e6
fa
e6
68
03
40
00
f0
7f
02
00
58
00
40
00
06
10
00
00
8f
48
05
21
d1
ca
c9
03
01
60
00
21
01
72
01
21
49
02
41
60
01
21
41
72
70
47
70
b5
8a
4c
05
00
a1
60
00
f0
f8
f8
2a
34
00
f0
f0
f8
61
68
7c
20
81
43
68
01
08
43
60
60
00
f0
f9
f8
00
f0
fd
f8
01
28
fb
d0
e4
68
00
f0
85
18
ed
f8
20
00
70
bd
70
b5
7d
4c
05
00
a1
60
e2
60
00
f0
de
f8
00
f0
d6
f8
61
68
7c
20
81
43
68
01
ae
2d
00
1d
08
43
60
60
00
f0
de
f8
00
f0
e2
f8
00
28
fb
d1
00
f0
d3
f8
70
bd
70
b5
71
4c
05
00
a1
60
8e
bd
00
f0
c6
f8
00
f0
be
f8
61
68
7c
20
81
43
68
01
08
30
08
43
60
60
00
f0
c6
f8
00
f0
ca
f8
00
28
fd
f1
fb
d1
00
f0
bb
f8
70
bd
70
b5
06
00
8d
18
01
28
09
d8
4c
0a
64
02
04
e0
21
00
30
00
ff
f7
dc
ff
1a
06
80
34
ac
42
f8
d3
70
bd
f8
b5
1c
00
15
00
0e
00
07
00
01
28
2e
d8
59
49
b8
00
08
58
a8
42
29
d3
1c
85
10
e0
60
78
22
78
e1
78
00
02
02
43
a0
78
09
06
00
04
08
43
02
43
31
00
38
00
ff
f7
a4
ff
24
1d
41
72
2d
1f
76
1c
04
2d
ec
d2
00
2d
13
d0
00
22
d2
43
00
20
09
e0
c1
00
ff
23
8b
40
9a
43
23
5c
8b
40
91
79
40
1c
1a
43
00
06
00
0e
a8
42
f3
d3
31
00
38
00
ff
f7
89
ff
f8
bd
f8
b5
07
00
00
20
0e
00
c0
43
ce
6e
3e
49
00
90
b8
00
08
58
1d
00
14
00
a0
42
24
d3
01
2f
22
d8
0c
e0
31
00
38
00
ff
f7
5b
ff
00
90
1f
3d
04
22
28
00
69
46
00
f0
1d
fd
24
1f
2d
1d
76
1c
04
2c
f0
d2
00
2c
10
d0
31
00
38
00
ff
f7
4a
ff
86
8d
00
90
00
20
07
e0
00
99
c2
00
d1
40
40
1c
00
06
00
0e
29
70
6d
1c
a0
42
f5
d3
f8
bd
70
b5
02
00
65
32
28
48
00
29
0f
d0
28
4e
14
78
00
23
52
1c
45
08
60
40
c0
07
80
0f
30
5a
64
08
5b
1c
68
40
08
2b
80
f5
f5
d3
49
1e
f0
d1
70
bd
70
47
00
20
70
47
70
47
01
20
c1
05
c8
61
1d
48
2d
21
49
04
01
60
a5
21
88
b3
09
04
01
60
70
47
00
21
01
22
d2
05
d1
61
17
49
08
60
2d
22
52
04
82
18
0a
60
a5
22
12
04
80
18
bb
83
08
60
70
47
0e
48
a5
21
01
61
c3
21
41
61
70
47
0f
49
0b
48
01
60
0f
49
01
60
70
47
08
48
00
21
e7
36
01
60
01
60
70
47
06
48
41
68
01
22
11
43
41
60
70
47
03
48
40
68
c0
07
c0
0f
70
47
70
17
40
00
e6
f6
00
30
80
00
ff
ff
00
00
44
00
40
00
00
60
80
00
a9
58
00
00
58
a9
00
00
ef
48
10
b5
80
68
ef
49
a3
f0
88
42
01
d1
ee
4c
03
e0
ee
49
88
42
00
d1
ee
4c
10
22
21
00
ed
a0
ff
f7
dd
fb
f4
a0
ff
f7
aa
fb
b8
68
e5
4b
a1
08
10
3b
10
22
00
20
ff
f7
54
ff
e2
4c
10
22
10
3c
21
7b
ee
a0
ff
f7
cc
fb
eb
a0
ff
f7
3f
61
99
fb
e1
88
10
22
f0
a0
ff
f7
c4
fb
e7
a0
ff
f7
91
fb
e1
89
10
22
f0
a0
ff
f7
bc
fb
e3
a0
ff
f7
2a
f3
89
fb
61
7b
10
22
f1
a0
ff
f7
b4
fb
df
a0
ff
f7
81
fb
a1
88
10
22
f3
a0
ff
f7
ac
fb
db
a0
ff
f7
7f
d7
79
fb
a1
68
10
22
f3
a0
ff
f7
a4
fb
d7
a0
ff
f7
71
fb
00
20
10
bd
85
21
10
b5
89
02
f1
a0
ff
f7
21
46
3d
fb
85
21
c4
4b
10
22
09
02
00
20
ff
f7
13
ff
c1
4c
10
22
21
7b
f6
a0
ff
f7
8c
fb
cb
a0
ff
f7
de
ce
59
fb
e1
88
10
22
f8
a0
ff
f7
84
fb
c7
a0
ff
f7
51
fb
e1
89
10
22
d0
a0
ff
f7
7c
fb
c3
a0
ff
f7
49
7f
49
fb
61
7b
10
22
f4
a0
ff
f7
74
fb
bf
a0
ff
f7
41
fb
a1
88
10
22
f6
a0
ff
f7
6c
fb
bb
a0
ff
f7
43
e4
39
fb
a1
68
10
22
f6
a0
ff
f7
64
fb
b7
a0
ff
f7
31
fb
00
20
10
bd
f0
b5
f5
49
8f
b0
f5
a0
ff
f7
02
7d
fd
fa
00
20
c0
43
03
90
ff
f7
10
fc
a2
48
10
38
c1
88
80
68
8f
08
a1
49
7f
1e
88
42
02
d1
a0
4d
5e
a5
10
35
04
e0
9f
49
88
42
01
d1
9f
4d
10
35
29
00
ea
a0
ff
f7
e3
fa
00
26
2a
e0
ac
08
10
22
21
00
7d
b6
00
20
05
ab
ff
f7
b7
fe
10
22
21
00
00
20
09
ab
ff
f7
b1
fe
03
98
10
22
05
a9
ff
f7
d9
fb
03
90
97
58
10
22
09
a9
05
a8
00
f0
02
fc
00
28
0e
d0
29
00
e1
a0
ff
f7
c3
fa
00
24
05
a8
02
5d
09
a8
01
5d
7d
51
e4
a0
ff
f7
bb
fa
64
1c
10
2c
f5
db
10
35
76
1c
be
42
d2
d3
03
9a
29
00
e6
a0
ff
f7
af
fa
03
98
f5
e9
0f
b0
f0
bd
f0
b5
ca
49
8f
b0
13
31
c9
a0
ff
f7
a5
fa
00
20
c0
43
03
90
ff
f7
b8
fb
76
48
e8
49
15
51
c0
88
0d
00
80
08
40
1e
07
04
3f
0c
c3
a0
ff
f7
95
fa
0a
22
39
00
e3
a0
ff
f7
ec
fa
7b
a0
ff
f7
fa
02
b9
fa
00
26
2a
e0
ac
08
10
22
21
00
00
20
06
ab
ff
f7
61
fe
10
22
21
00
00
20
0a
ab
ff
f7
5b
fe
c8
6a
03
98
10
22
06
a9
ff
f7
83
fb
03
90
10
22
10
35
0a
a9
06
a8
00
f0
ab
fb
00
28
0e
d0
29
00
b6
a0
95
3a
ff
f7
6c
fa
00
24
06
a8
02
5d
0a
a8
01
5d
b9
a0
ff
f7
64
fa
64
1c
10
2c
f5
db
76
1c
be
42
d2
d3
22
40
03
9a
29
00
bb
a0
ff
f7
59
fa
03
99
10
22
c9
a0
ff
f7
b0
fa
5d
a0
ff
f7
7d
fa
03
98
a0
e7
f8
b5
71
55
ff
f7
ba
fe
4c
4c
4d
49
10
3c
a0
68
88
42
58
d1
20
7b
c2
4e
aa
27
55
25
ff
28
04
d0
55
28
2e
d0
a3
07
aa
28
3d
d0
2a
e0
e1
88
bd
48
81
42
21
d0
bd
4a
91
42
1e
d8
ff
f7
2f
ff
21
68
88
42
15
d1
ba
a0
b9
67
ff
f7
58
fa
3c
4b
27
73
10
3b
10
22
31
00
00
20
67
73
ff
f7
c9
fd
38
4b
10
22
10
3b
31
00
00
20
a2
f1
ff
f7
f9
fd
ff
f7
88
fe
29
e0
b4
a0
ff
f7
42
fa
04
e0
e1
89
81
42
01
d1
01
20
f8
bd
25
73
2e
4b
23
29
10
22
10
3b
31
00
00
20
65
73
ff
f7
ad
fd
2a
4b
10
22
10
3b
31
00
00
20
ff
f7
dd
fd
02
20
f8
bd
38
ef
25
4b
10
22
10
3b
31
00
00
20
67
73
ff
f7
9c
fd
21
4b
10
22
10
3b
31
00
00
20
ff
f7
cc
fd
00
20
45
52
f8
bd
a3
a0
ff
f7
16
fa
03
20
f8
bd
70
b5
ff
f7
a2
fe
19
4c
92
48
e1
89
81
42
02
d0
a1
88
81
42
88
04
01
d1
01
20
70
bd
15
4a
a1
68
91
42
22
d1
21
7b
aa
26
55
25
ff
29
04
d0
55
29
18
d0
aa
29
0f
d0
b0
1c
14
e0
e1
88
81
42
11
d0
86
48
81
42
0e
d8
ff
f7
19
ff
21
68
88
42
06
d1
9a
a0
ff
f7
eb
f9
26
73
75
2f
00
20
66
73
70
bd
9a
a0
ff
f7
e4
f9
25
73
02
20
65
73
70
bd
32
e1
00
00
8c
17
40
00
42
42
42
42
63
bf
10
b0
01
00
53
53
53
53
10
20
00
00
73
65
63
5f
69
6d
61
67
65
5f
6f
61
64
5f
68
65
61
64
65
72
35
42
5f
66
64
64
72
20
3d
20
00
00
00
00
0d
0a
00
00
68
64
72
5f
69
6d
67
2e
63
72
63
5f
73
74
61
74
d2
96
75
73
20
3d
20
00
00
00
68
64
72
5f
69
6d
67
2e
6c
65
6e
20
3d
20
00
00
68
64
72
5f
69
6d
67
2e
8f
a5
72
6f
6d
5f
76
65
72
20
3d
20
00
00
68
64
72
5f
69
6d
67
2e
73
65
63
5f
73
74
61
74
75
73
20
3d
bf
58
20
00
00
00
68
64
72
5f
69
6d
67
2e
76
65
72
20
3d
20
00
00
68
64
72
5f
69
6d
67
2e
75
69
64
20
3a
95
3d
20
00
00
75
64
69
5f
67
65
74
5f
70
73
65
63
5f
62
61
63
6b
75
70
5f
68
65
61
64
65
72
20
61
48
5e
64
64
72
20
3d
20
30
78
25
78
0d
0a
00
00
00
00
68
64
72
5f
62
61
63
6b
2e
63
72
63
5f
73
74
61
59
96
74
75
73
20
3d
20
00
00
68
64
72
5f
62
61
63
6b
2e
6c
65
6e
20
3d
20
00
68
64
72
5f
62
61
63
6b
5f
43
2e
73
65
63
5f
73
74
61
74
75
73
20
3d
20
00
00
68
64
72
5f
62
61
63
6b
2e
76
65
72
20
3d
20
00
e2
e3
68
64
72
5f
62
61
63
6b
2e
75
69
64
20
3d
20
00
0c
17
00
00
25
73
0d
0a
00
00
00
00
72
65
61
64
78
5e
20
73
74
61
72
74
20
61
64
64
72
20
3d
20
30
78
25
78
0d
0a
00
00
00
00
72
65
61
64
5f
61
64
64
2b
98
72
20
65
72
72
6f
72
20
3d
20
30
78
30
38
25
78
0d
0a
00
00
74
6d
70
5f
64
61
74
61
20
3d
20
25
18
3c
30
32
78
2c
64
61
74
61
20
3d
20
25
30
32
78
20
0d
0a
00
00
72
65
61
64
20
65
6e
64
20
61
64
64
4e
32
72
20
3d
20
30
78
25
78
2c
63
61
6c
63
75
43
72
63
20
3d
20
30
78
25
30
38
78
0d
0a
00
00
00
00
01
70
10
14
02
00
62
6c
6f
63
6b
5f
74
6f
74
61
6c
3d
00
00
00
00
63
72
63
3d
00
00
00
00
04
6c
00
00
16
c2
ff
ff
00
00
03
19
00
00
63
68
65
63
6b
20
63
72
63
20
4f
4b
21
21
21
0d
0a
00
00
00
63
68
65
63
f8
91
6b
20
63
72
63
20
66
61
69
6c
21
21
21
0d
0a
00
62
69
6d
5f
63
68
65
63
6b
5f
69
6d
61
67
65
5f
f1
73
73
65
63
5f
73
74
61
74
75
73
3a
20
45
52
52
4f
52
2c
20
55
4e
4b
4e
4f
57
4e
20
55
49
44
0d
0a
84
53
00
00
00
00
63
72
63
20
6f
6b
0d
0a
00
00
00
00
63
72
63
20
65
72
72
6f
72
0d
0a
00
4d
a0
ff
f7
18
69
7d
f8
03
20
70
bd
70
b5
57
48
58
49
80
68
88
42
14
d1
57
a0
ff
f7
9e
f8
5b
4d
00
24
a9
08
00
20
a4
88
ff
f7
ea
fb
64
1c
ff
35
24
06
ff
35
24
0e
02
35
32
2c
f3
d3
55
a0
ff
f7
8d
f8
70
bd
5a
a0
ff
f7
a2
31
5d
f8
70
bd
70
b5
63
a0
ff
f7
84
f8
85
25
ad
02
00
24
a9
08
00
20
ff
f7
cf
fb
64
1c
ff
35
24
06
4d
9e
ff
35
24
0e
02
35
34
2c
f3
d3
60
a0
ff
f7
72
f8
70
bd
7f
b5
64
a0
ff
f7
6d
f8
3b
48
85
25
c1
88
ee
1d
ad
02
80
68
89
00
4e
19
38
49
88
42
01
d1
3e
4c
03
e0
66
49
88
42
00
d1
65
4c
10
22
21
00
65
a0
43
3a
ff
f7
88
f8
37
a0
ff
f7
55
f8
0d
e0
a9
08
10
22
00
20
6b
46
ff
f7
ff
fb
a1
08
10
22
00
20
6b
46
6a
50
ff
f7
c2
fb
10
34
10
35
b5
42
ef
d3
5d
a0
ff
f7
41
f8
7f
bd
10
b5
00
24
ff
f7
28
fe
00
28
08
d0
2e
49
01
28
1f
d0
02
28
18
d0
04
28
1e
d0
01
24
5f
a0
0b
e0
ff
f7
88
ff
ff
f7
bc
ff
ff
f7
b0
fd
00
28
80
ce
07
d0
64
20
ff
f7
2f
fc
5e
a0
ff
f7
23
f8
20
00
10
bd
ff
f7
97
ff
01
24
f6
e7
ff
f7
93
ff
01
24
4a
12
5b
a0
f2
e7
01
24
5d
a0
ef
e7
01
24
ff
f7
8a
ff
5d
a0
ea
e7
62
69
6d
5f
63
68
65
63
6b
5f
62
61
ee
b4
63
6b
75
70
5f
73
65
63
5f
73
74
61
74
75
73
3a
20
45
52
52
4f
52
2c
20
55
4e
4b
4e
4f
57
4e
20
39
86
55
49
44
0d
0a
00
00
00
8c
17
40
00
42
42
42
42
75
64
69
5f
65
72
61
73
65
5f
69
6d
61
67
65
5f
ca
64
73
65
63
20
0d
0a
00
00
10
b0
01
00
75
64
69
5f
65
72
61
73
65
5f
69
6d
61
67
65
5f
73
65
63
20
31
5a
65
6e
64
0d
0a
00
00
00
62
69
6d
5f
65
72
61
73
65
5f
69
6d
61
67
65
5f
73
65
63
3a
20
45
52
52
80
f6
4f
52
2c
20
55
4e
4b
4e
4f
57
4e
20
55
49
44
0d
0a
00
00
00
75
64
69
5f
65
72
61
73
65
5f
62
61
d9
65
63
6b
75
70
5f
73
65
63
20
0d
0a
00
75
64
69
5f
65
72
61
73
65
5f
62
61
63
6b
75
70
5f
73
65
63
49
a2
20
65
6e
64
0d
0a
00
00
75
64
69
5f
75
70
64
61
74
61
5f
62
61
63
6b
75
70
5f
74
6f
5f
69
6d
61
01
3d
67
65
5f
73
65
63
0d
0a
00
00
00
00
53
53
53
53
10
20
00
00
77
72
69
74
65
5f
61
64
64
72
20
3d
b3
4c
20
00
00
00
75
64
69
5f
75
70
64
61
74
61
5f
62
61
63
6b
75
70
5f
74
6f
5f
69
6d
61
67
65
5f
73
db
29
65
63
20
65
6e
64
0d
0a
00
00
00
00
20
53
53
54
41
54
55
53
5f
53
45
43
54
5f
55
4e
4b
4f
57
4e
7b
eb
0d
0a
00
00
54
59
50
45
20
3d
20
31
0d
0a
00
00
54
59
50
45
20
3d
20
32
0d
0a
00
00
54
59
50
45
72
43
20
3d
20
33
0d
0a
00
00
54
59
50
45
20
3d
20
34
20
53
53
54
41
54
55
53
5f
53
45
43
54
5f
44
49
ea
ac
46
46
5f
52
4f
4d
5f
56
45
52
0d
0a
00
00
00
00
0b
00
01
00
00
20
20
22
30
b5
01
24
09
e0
0d
00
60
45
d5
40
9d
42
05
d3
1d
00
95
40
49
1b
25
00
95
40
40
19
15
00
52
1e
00
2d
f1
dc
30
bd
70
b5
00
24
8d
ff
25
00
00
28
01
da
01
24
40
42
00
29
01
da
01
25
49
42
ff
f7
dd
ff
ac
42
00
d0
40
42
00
2c
00
d0
7f
df
49
42
70
bd
03
00
0b
43
9b
07
03
d0
09
e0
08
c9
12
1f
08
c0
04
2a
fa
d2
03
e0
0b
78
03
70
40
1c
49
ad
49
1c
52
1e
f9
d2
70
47
12
06
12
0e
01
e0
02
70
40
1c
49
1e
fb
d2
70
47
00
22
f5
e7
13
00
0a
00
4e
58
10
b5
04
00
19
00
ff
f7
ef
ff
20
00
10
bd
30
b5
04
00
00
20
03
00
00
e0
5b
1c
93
42
03
d2
e0
5c
c7
63
cd
5c
40
1b
f8
d0
30
bd
04
f0
1f
e5
57
05
00
00
00
00
0f
e1
80
10
80
e3
01
f0
21
e1
80
00
00
e2
51
8c
1e
ff
2f
e1
00
00
0f
e1
80
00
c0
e3
00
f0
21
e1
1e
ff
2f
e1
01
c0
5e
e5
0c
00
53
e1
0c
30
de
27
7d
e3
03
30
de
37
83
c0
8e
e0
1c
ff
2f
e1
63
61
6c
63
5f
69
6d
61
67
65
5f
73
65
63
5f
63
72
63
00
63
3f
e7
61
6c
63
5f
62
61
63
6b
75
70
5f
73
65
63
5f
63
72
63
00
00
00
00
00
00
00
00
00
00
00
00
00
00
93
b6
00
00
00
00
00
00
00
00
00
00
00
00
00
00
00
00
00
00
00
00
00
00
00
00
00
00
01
a0
ff
ff
ff
ff
cb
03
